Determining if the pthread_create exist failed with the following output:
Change Dir: /home/cescom/Scrivania/progetti/ROS/ws_lezioni/build/CMakeFiles/CMakeTmp

Run Build Command:"/usr/bin/make" "cmTC_c6a6e/fast"
/usr/bin/make -f CMakeFiles/cmTC_c6a6e.dir/build.make CMakeFiles/cmTC_c6a6e.dir/build
make[1]: ingresso nella directory "/home/cescom/Scrivania/progetti/ROS/ws_lezioni/build/CMakeFiles/CMakeTmp"
Building C object CMakeFiles/cmTC_c6a6e.dir/CheckSymbolExists.c.o
/usr/bin/cc    -o CMakeFiles/cmTC_c6a6e.dir/CheckSymbolExists.c.o   -c /home/cescom/Scrivania/progetti/ROS/ws_lezioni/build/CMakeFiles/CMakeTmp/CheckSymbolExists.c
Linking C executable cmTC_c6a6e
/usr/bin/cmake -E cmake_link_script CMakeFiles/cmTC_c6a6e.dir/link.txt --verbose=1
/usr/bin/cc      -rdynamic CMakeFiles/cmTC_c6a6e.dir/CheckSymbolExists.c.o  -o cmTC_c6a6e 
CMakeFiles/cmTC_c6a6e.dir/CheckSymbolExists.c.o: nella funzione "main":
CheckSymbolExists.c:(.text+0x1b): riferimento non definito a "pthread_create"
collect2: error: ld returned 1 exit status
CMakeFiles/cmTC_c6a6e.dir/build.make:97: recipe for target 'cmTC_c6a6e' failed
make[1]: *** [cmTC_c6a6e] Error 1
make[1]: uscita dalla directory "/home/cescom/Scrivania/progetti/ROS/ws_lezioni/build/CMakeFiles/CMakeTmp"
Makefile:126: recipe for target 'cmTC_c6a6e/fast' failed
make: *** [cmTC_c6a6e/fast] Error 2

File /home/cescom/Scrivania/progetti/ROS/ws_lezioni/build/CMakeFiles/CMakeTmp/CheckSymbolExists.c:
/* */
#include <pthread.h>

int main(int argc, char** argv)
{
  (void)argv;
#ifndef pthread_create
  return ((int*)(&pthread_create))[argc];
#else
  (void)argc;
  return 0;
#endif
}

Determining if the function pthread_create exists in the pthreads failed with the following output:
Change Dir: /home/cescom/Scrivania/progetti/ROS/ws_lezioni/build/CMakeFiles/CMakeTmp

Run Build Command:"/usr/bin/make" "cmTC_a5ede/fast"
/usr/bin/make -f CMakeFiles/cmTC_a5ede.dir/build.make CMakeFiles/cmTC_a5ede.dir/build
make[1]: ingresso nella directory "/home/cescom/Scrivania/progetti/ROS/ws_lezioni/build/CMakeFiles/CMakeTmp"
Building C object CMakeFiles/cmTC_a5ede.dir/CheckFunctionExists.c.o
/usr/bin/cc   -DCHECK_FUNCTION_EXISTS=pthread_create   -o CMakeFiles/cmTC_a5ede.dir/CheckFunctionExists.c.o   -c /usr/share/cmake-3.10/Modules/CheckFunctionExists.c
Linking C executable cmTC_a5ede
/usr/bin/cmake -E cmake_link_script CMakeFiles/cmTC_a5ede.dir/link.txt --verbose=1
/usr/bin/cc  -DCHECK_FUNCTION_EXISTS=pthread_create    -rdynamic CMakeFiles/cmTC_a5ede.dir/CheckFunctionExists.c.o  -o cmTC_a5ede -lpthreads 
/usr/bin/ld: impossibile trovare -lpthreads
collect2: error: ld returned 1 exit status
CMakeFiles/cmTC_a5ede.dir/build.make:97: recipe for target 'cmTC_a5ede' failed
make[1]: *** [cmTC_a5ede] Error 1
make[1]: uscita dalla directory "/home/cescom/Scrivania/progetti/ROS/ws_lezioni/build/CMakeFiles/CMakeTmp"
Makefile:126: recipe for target 'cmTC_a5ede/fast' failed
make: *** [cmTC_a5ede/fast] Error 2


