Determining if the pthread_create exist failed with the following output:
Change Dir: /home/cescom/Scrivania/progetti/ROS/Es2_autoturtle/build/CMakeFiles/CMakeTmp

Run Build Command:"/usr/bin/make" "cmTC_e0b0c/fast"
/usr/bin/make -f CMakeFiles/cmTC_e0b0c.dir/build.make CMakeFiles/cmTC_e0b0c.dir/build
make[1]: ingresso nella directory "/home/cescom/Scrivania/progetti/ROS/Es2_autoturtle/build/CMakeFiles/CMakeTmp"
Building C object CMakeFiles/cmTC_e0b0c.dir/CheckSymbolExists.c.o
/usr/bin/cc    -o CMakeFiles/cmTC_e0b0c.dir/CheckSymbolExists.c.o   -c /home/cescom/Scrivania/progetti/ROS/Es2_autoturtle/build/CMakeFiles/CMakeTmp/CheckSymbolExists.c
Linking C executable cmTC_e0b0c
/usr/bin/cmake -E cmake_link_script CMakeFiles/cmTC_e0b0c.dir/link.txt --verbose=1
/usr/bin/cc      -rdynamic CMakeFiles/cmTC_e0b0c.dir/CheckSymbolExists.c.o  -o cmTC_e0b0c 
CMakeFiles/cmTC_e0b0c.dir/CheckSymbolExists.c.o: nella funzione "main":
CheckSymbolExists.c:(.text+0x1b): riferimento non definito a "pthread_create"
collect2: error: ld returned 1 exit status
CMakeFiles/cmTC_e0b0c.dir/build.make:97: recipe for target 'cmTC_e0b0c' failed
make[1]: *** [cmTC_e0b0c] Error 1
make[1]: uscita dalla directory "/home/cescom/Scrivania/progetti/ROS/Es2_autoturtle/build/CMakeFiles/CMakeTmp"
Makefile:126: recipe for target 'cmTC_e0b0c/fast' failed
make: *** [cmTC_e0b0c/fast] Error 2

File /home/cescom/Scrivania/progetti/ROS/Es2_autoturtle/build/CMakeFiles/CMakeTmp/CheckSymbolExists.c:
/* */
#include <pthread.h>

int main(int argc, char** argv)
{
  (void)argv;
#ifndef pthread_create
  return ((int*)(&pthread_create))[argc];
#else
  (void)argc;
  return 0;
#endif
}

Determining if the function pthread_create exists in the pthreads failed with the following output:
Change Dir: /home/cescom/Scrivania/progetti/ROS/Es2_autoturtle/build/CMakeFiles/CMakeTmp

Run Build Command:"/usr/bin/make" "cmTC_9c4a9/fast"
/usr/bin/make -f CMakeFiles/cmTC_9c4a9.dir/build.make CMakeFiles/cmTC_9c4a9.dir/build
make[1]: ingresso nella directory "/home/cescom/Scrivania/progetti/ROS/Es2_autoturtle/build/CMakeFiles/CMakeTmp"
Building C object CMakeFiles/cmTC_9c4a9.dir/CheckFunctionExists.c.o
/usr/bin/cc   -DCHECK_FUNCTION_EXISTS=pthread_create   -o CMakeFiles/cmTC_9c4a9.dir/CheckFunctionExists.c.o   -c /usr/share/cmake-3.10/Modules/CheckFunctionExists.c
Linking C executable cmTC_9c4a9
/usr/bin/cmake -E cmake_link_script CMakeFiles/cmTC_9c4a9.dir/link.txt --verbose=1
/usr/bin/cc  -DCHECK_FUNCTION_EXISTS=pthread_create    -rdynamic CMakeFiles/cmTC_9c4a9.dir/CheckFunctionExists.c.o  -o cmTC_9c4a9 -lpthreads 
/usr/bin/ld: impossibile trovare -lpthreads
collect2: error: ld returned 1 exit status
CMakeFiles/cmTC_9c4a9.dir/build.make:97: recipe for target 'cmTC_9c4a9' failed
make[1]: *** [cmTC_9c4a9] Error 1
make[1]: uscita dalla directory "/home/cescom/Scrivania/progetti/ROS/Es2_autoturtle/build/CMakeFiles/CMakeTmp"
Makefile:126: recipe for target 'cmTC_9c4a9/fast' failed
make: *** [cmTC_9c4a9/fast] Error 2


