Determining if the pthread_create exist failed with the following output:
Change Dir: /home/cescom/Scrivania/progetti/ROS/Es3/build/CMakeFiles/CMakeTmp

Run Build Command:"/usr/bin/make" "cmTC_ab2ad/fast"
/usr/bin/make -f CMakeFiles/cmTC_ab2ad.dir/build.make CMakeFiles/cmTC_ab2ad.dir/build
make[1]: ingresso nella directory "/home/cescom/Scrivania/progetti/ROS/Es3/build/CMakeFiles/CMakeTmp"
Building C object CMakeFiles/cmTC_ab2ad.dir/CheckSymbolExists.c.o
/usr/bin/cc    -o CMakeFiles/cmTC_ab2ad.dir/CheckSymbolExists.c.o   -c /home/cescom/Scrivania/progetti/ROS/Es3/build/CMakeFiles/CMakeTmp/CheckSymbolExists.c
Linking C executable cmTC_ab2ad
/usr/bin/cmake -E cmake_link_script CMakeFiles/cmTC_ab2ad.dir/link.txt --verbose=1
/usr/bin/cc      -rdynamic CMakeFiles/cmTC_ab2ad.dir/CheckSymbolExists.c.o  -o cmTC_ab2ad 
CMakeFiles/cmTC_ab2ad.dir/CheckSymbolExists.c.o: nella funzione "main":
CheckSymbolExists.c:(.text+0x1b): riferimento non definito a "pthread_create"
collect2: error: ld returned 1 exit status
CMakeFiles/cmTC_ab2ad.dir/build.make:97: recipe for target 'cmTC_ab2ad' failed
make[1]: *** [cmTC_ab2ad] Error 1
make[1]: uscita dalla directory "/home/cescom/Scrivania/progetti/ROS/Es3/build/CMakeFiles/CMakeTmp"
Makefile:126: recipe for target 'cmTC_ab2ad/fast' failed
make: *** [cmTC_ab2ad/fast] Error 2

File /home/cescom/Scrivania/progetti/ROS/Es3/build/CMakeFiles/CMakeTmp/CheckSymbolExists.c:
/* */
#include <pthread.h>

int main(int argc, char** argv)
{
  (void)argv;
#ifndef pthread_create
  return ((int*)(&pthread_create))[argc];
#else
  (void)argc;
  return 0;
#endif
}

Determining if the function pthread_create exists in the pthreads failed with the following output:
Change Dir: /home/cescom/Scrivania/progetti/ROS/Es3/build/CMakeFiles/CMakeTmp

Run Build Command:"/usr/bin/make" "cmTC_deae4/fast"
/usr/bin/make -f CMakeFiles/cmTC_deae4.dir/build.make CMakeFiles/cmTC_deae4.dir/build
make[1]: ingresso nella directory "/home/cescom/Scrivania/progetti/ROS/Es3/build/CMakeFiles/CMakeTmp"
Building C object CMakeFiles/cmTC_deae4.dir/CheckFunctionExists.c.o
/usr/bin/cc   -DCHECK_FUNCTION_EXISTS=pthread_create   -o CMakeFiles/cmTC_deae4.dir/CheckFunctionExists.c.o   -c /usr/share/cmake-3.10/Modules/CheckFunctionExists.c
Linking C executable cmTC_deae4
/usr/bin/cmake -E cmake_link_script CMakeFiles/cmTC_deae4.dir/link.txt --verbose=1
/usr/bin/cc  -DCHECK_FUNCTION_EXISTS=pthread_create    -rdynamic CMakeFiles/cmTC_deae4.dir/CheckFunctionExists.c.o  -o cmTC_deae4 -lpthreads 
/usr/bin/ld: impossibile trovare -lpthreads
collect2: error: ld returned 1 exit status
CMakeFiles/cmTC_deae4.dir/build.make:97: recipe for target 'cmTC_deae4' failed
make[1]: *** [cmTC_deae4] Error 1
make[1]: uscita dalla directory "/home/cescom/Scrivania/progetti/ROS/Es3/build/CMakeFiles/CMakeTmp"
Makefile:126: recipe for target 'cmTC_deae4/fast' failed
make: *** [cmTC_deae4/fast] Error 2


